#
# There is insufficient memory for the Java Runtime Environment to continue.
# Native memory allocation (mmap) failed to map 134217728 bytes for Failed to commit area from 0x0000000081800000 to 0x0000000089800000 of length 134217728.
# Possible reasons:
#   The system is out of physical RAM or swap space
#   The process is running with CompressedOops enabled, and the Java Heap may be blocking the growth of the native heap
# Possible solutions:
#   Reduce memory load on the system
#   Increase physical memory or swap space
#   Check if swap backing store is full
#   Decrease Java heap size (-Xmx/-Xms)
#   Decrease number of Java threads
#   Decrease Java thread stack sizes (-Xss)
#   Set larger code cache with -XX:ReservedCodeCacheSize=
# This output file may be truncated or incomplete.
#
#  Out of Memory Error (t:/workspace/open/src/hotspot/os/windows/os_windows.cpp:3269), pid=3592, tid=9640
#
# JRE version:  (11.0+28) (build )
# Java VM: OpenJDK 64-Bit Server VM (11+28, mixed mode, aot, sharing, tiered, compressed oops, g1 gc, windows-amd64)
# No core dump will be written. Minidumps are not enabled by default on client versions of Windows
#

---------------  S U M M A R Y ------------

Command Line: com.mycompany.ejercicio7.ejercicio7

Host: Intel(R) Core(TM) i7-3537U CPU @ 2.00GHz, 4 cores, 7G,  Windows 10 , 64 bit Build 19041 (10.0.19041.1023)
Time: Tue Jun 29 18:59:27 2021 Hora est. Pacífico, Sudamérica elapsed time: 0 seconds (0d 0h 0m 0s)

---------------  T H R E A D  ---------------

Current thread (0x0000020a091f3800):  JavaThread "Unknown thread" [_thread_in_vm, id=9640, stack(0x000000ef18200000,0x000000ef18300000)]

Stack: [0x000000ef18200000,0x000000ef18300000]
Native frames: (J=compiled Java code, j=interpreted, Vv=VM code, C=native code)
V  [jvm.dll+0x63adaa]
V  [jvm.dll+0x77852f]
V  [jvm.dll+0x779b18]
V  [jvm.dll+0x77a1d3]
V  [jvm.dll+0x2624c8]
V  [jvm.dll+0x63825a]
V  [jvm.dll+0x62cb15]
V  [jvm.dll+0x31563c]
V  [jvm.dll+0x3154c2]
V  [jvm.dll+0x31ad36]
V  [jvm.dll+0x36726f]
V  [jvm.dll+0x366c90]
V  [jvm.dll+0x2f2378]
V  [jvm.dll+0x2f34d6]
V  [jvm.dll+0x7517d7]
V  [jvm.dll+0x752f1f]
V  [jvm.dll+0x374099]
V  [jvm.dll+0x738059]
V  [jvm.dll+0x3e35fd]
V  [jvm.dll+0x3e5961]
C  [java.exe+0x3603]
C  [java.exe+0x1746c]
C  [KERNEL32.DLL+0x17034]
C  [ntdll.dll+0x52651]


---------------  P R O C E S S  ---------------

Threads class SMR info:
_java_thread_list=0x0000020a0795ec80, length=0, elements={
}

Java Threads: ( => current thread )

Other Threads:
  0x0000020a0920a000 GCTaskThread "GC Thread#0" [stack: 0x000000ef18300000,0x000000ef18400000] [id=5460]
  0x0000020a0923c000 ConcurrentGCThread "G1 Main Marker" [stack: 0x000000ef18400000,0x000000ef18500000] [id=3832]
  0x0000020a09240000 ConcurrentGCThread "G1 Conc#0" [stack: 0x000000ef18500000,0x000000ef18600000] [id=2372]

[error occurred during error reporting (printing all threads), id 0xc0000005, EXCEPTION_ACCESS_VIOLATION (0xc0000005) at pc=0x00007ff89e000d37]

VM state:not at safepoint (not fully initialized)

VM Mutex/Monitor currently owned by a thread:  ([mutex/lock_event])
[0x0000020a091f0d20] Heap_lock - owner thread: 0x0000020a091f3800

Heap address: 0x0000000081800000, size: 2024 MB, Compressed Oops mode: Non-zero based: 0x0000000081800000
Narrow klass base: 0x0000000000000000, Narrow klass shift: 0

GC Heap History (0 events):
No events

Deoptimization events (0 events):
No events

Classes redefined (0 events):
No events

Internal exceptions (0 events):
No events

Events (0 events):
No events


Dynamic libraries:
0x00007ff7e4770000 - 0x00007ff7e47b5000 	C:\Program Files\openjdk-11+28_windows-x64_bin\bin\java.exe
0x00007ff8e1010000 - 0x00007ff8e1205000 	C:\WINDOWS\SYSTEM32\ntdll.dll
0x00007ff8df1b0000 - 0x00007ff8df26d000 	C:\WINDOWS\System32\KERNEL32.DLL
0x00007ff8dea70000 - 0x00007ff8ded38000 	C:\WINDOWS\System32\KERNELBASE.dll
0x00007ff8e0d70000 - 0x00007ff8e0f10000 	C:\WINDOWS\System32\USER32.dll
0x00007ff8deda0000 - 0x00007ff8dedc2000 	C:\WINDOWS\System32\win32u.dll
0x00007ff8df940000 - 0x00007ff8df96a000 	C:\WINDOWS\System32\GDI32.dll
0x00007ff8de7a0000 - 0x00007ff8de8ab000 	C:\WINDOWS\System32\gdi32full.dll
0x00007ff8defe0000 - 0x00007ff8df07d000 	C:\WINDOWS\System32\msvcp_win.dll
0x00007ff8de8b0000 - 0x00007ff8de9b0000 	C:\WINDOWS\System32\ucrtbase.dll
0x00007ff8c8030000 - 0x00007ff8c82ca000 	C:\WINDOWS\WinSxS\amd64_microsoft.windows.common-controls_6595b64144ccf1df_6.0.19041.1052_none_60b8f8fd71f5e8cb\COMCTL32.dll
0x00007ff8dfce0000 - 0x00007ff8dfd7e000 	C:\WINDOWS\System32\msvcrt.dll
0x00007ff8dfd80000 - 0x00007ff8dfdb0000 	C:\WINDOWS\System32\IMM32.DLL
0x00007ff8da640000 - 0x00007ff8da656000 	C:\Program Files\openjdk-11+28_windows-x64_bin\bin\vcruntime140.dll
0x00007ff8ca540000 - 0x00007ff8ca5ea000 	C:\Program Files\openjdk-11+28_windows-x64_bin\bin\msvcp140.dll
0x00007ff89dd00000 - 0x00007ff89e841000 	C:\Program Files\openjdk-11+28_windows-x64_bin\bin\server\jvm.dll
0x00007ff8e0190000 - 0x00007ff8e023c000 	C:\WINDOWS\System32\ADVAPI32.dll
0x00007ff8df9d0000 - 0x00007ff8dfa6b000 	C:\WINDOWS\System32\sechost.dll
0x00007ff8e0240000 - 0x00007ff8e036b000 	C:\WINDOWS\System32\RPCRT4.dll
0x00007ff8dfe20000 - 0x00007ff8dfe28000 	C:\WINDOWS\System32\PSAPI.DLL
0x00007ff8d13f0000 - 0x00007ff8d1417000 	C:\WINDOWS\SYSTEM32\WINMM.dll
0x00007ff8d5e60000 - 0x00007ff8d5e6a000 	C:\WINDOWS\SYSTEM32\VERSION.dll
0x00007ff8db640000 - 0x00007ff8db649000 	C:\WINDOWS\SYSTEM32\WSOCK32.dll
0x00007ff8dfdb0000 - 0x00007ff8dfe1b000 	C:\WINDOWS\System32\WS2_32.dll
0x00007ff8dc5c0000 - 0x00007ff8dc5d2000 	C:\WINDOWS\SYSTEM32\kernel.appcore.dll
0x00007ff8d92f0000 - 0x00007ff8d9301000 	C:\Program Files\openjdk-11+28_windows-x64_bin\bin\verify.dll
0x00007ff8d4640000 - 0x00007ff8d4824000 	C:\WINDOWS\SYSTEM32\DBGHELP.DLL
0x00007ff8d4db0000 - 0x00007ff8d4ddc000 	C:\WINDOWS\SYSTEM32\dbgcore.DLL
0x00007ff8de9b0000 - 0x00007ff8dea33000 	C:\WINDOWS\System32\bcryptPrimitives.dll
0x00007ff8d7dc0000 - 0x00007ff8d7de8000 	C:\Program Files\openjdk-11+28_windows-x64_bin\bin\java.dll
0x00007ff8d7ee0000 - 0x00007ff8d7ef6000 	C:\Program Files\openjdk-11+28_windows-x64_bin\bin\zip.dll
0x00007ff8da680000 - 0x00007ff8da68a000 	C:\Program Files\openjdk-11+28_windows-x64_bin\bin\jimage.dll

dbghelp: loaded successfully - version: 4.0.5 - missing functions: none
symbol engine: initialized successfully - sym options: 0x614 - pdb path: .;C:\Program Files\openjdk-11+28_windows-x64_bin\bin;C:\WINDOWS\SYSTEM32;C:\WINDOWS\WinSxS\amd64_microsoft.windows.common-controls_6595b64144ccf1df_6.0.19041.1052_none_60b8f8fd71f5e8cb;C:\Program Files\openjdk-11+28_windows-x64_bin\bin\server

VM Arguments:
java_command: com.mycompany.ejercicio7.ejercicio7
java_class_path (initial): C:\Users\vler\Documents\10. Mintic\mision TIC 2022\grupo 09\Ciclo2_java\ejercicio7\target\classes
Launcher Type: SUN_STANDARD

[Global flags]
     intx CICompilerCount                          = 3                                         {product} {ergonomic}
     uint ConcGCThreads                            = 1                                         {product} {ergonomic}
     uint G1ConcRefinementThreads                  = 4                                         {product} {ergonomic}
   size_t G1HeapRegionSize                         = 1048576                                   {product} {ergonomic}
    uintx GCDrainStackTargetSize                   = 64                                        {product} {ergonomic}
   size_t InitialHeapSize                          = 134217728                                 {product} {ergonomic}
   size_t MarkStackSize                            = 4194304                                   {product} {ergonomic}
   size_t MaxHeapSize                              = 2122317824                                {product} {ergonomic}
   size_t MinHeapDeltaBytes                        = 1048576                                   {product} {ergonomic}
    uintx NonNMethodCodeHeapSize                   = 5830092                                {pd product} {ergonomic}
    uintx NonProfiledCodeHeapSize                  = 122914074                              {pd product} {ergonomic}
    uintx ProfiledCodeHeapSize                     = 122914074                              {pd product} {ergonomic}
    uintx ReservedCodeCacheSize                    = 251658240                              {pd product} {ergonomic}
     bool SegmentedCodeCache                       = true                                      {product} {ergonomic}
     bool UseCompressedClassPointers               = true                                 {lp64_product} {ergonomic}
     bool UseCompressedOops                        = true                                 {lp64_product} {ergonomic}
     bool UseG1GC                                  = true                                      {product} {ergonomic}
     bool UseLargePagesIndividualAllocation        = false                                  {pd product} {ergonomic}

Logging:
Log output configuration:
 #0: stdout all=warning uptime,level,tags
 #1: stderr all=off uptime,level,tags

Environment Variables:
JAVA_HOME=C:\Program Files\openjdk-11+28_windows-x64_bin
PATH=C:\Program Files (x86)\Common Files\Intel\Shared Files\cpp\bin\Intel64;C:\ProgramData\Oracle\Java\javapath;C:\WINDOWS\system32;C:\WINDOWS;C:\WINDOWS\System32\Wbem;C:\WINDOWS\System32\WindowsPowerShell\v1.0\;C:\WINDOWS\System32\OpenSSH\;C:\Program Files (x86)\NVIDIA Corporation\PhysX\Common;C:\WINDOWS\system32;C:\WINDOWS;C:\WINDOWS\System32\Wbem;C:\WINDOWS\System32\WindowsPowerShell\v1.0\;C:\WINDOWS\System32\OpenSSH\;C:\Program Files\openjdk-11+28_windows-x64_bin\bin;C:\Users\vler\AppData\Local\Programs\AdoptOpenJDK\jdk-11.0.11.9-hotspot\bin;C:\Users\vler\AppData\Local\Programs\Python\Python39\Scripts\;C:\Users\vler\AppData\Local\Programs\Python\Python39\;C:\Users\vler\AppData\Local\Programs\Python\Python38-32\Scripts\;C:\Users\vler\AppData\Local\Programs\Python\Python38-32\;C:\Users\vler\AppData\Local\Microsoft\WindowsApps;;C:\Users\vler\AppData\Local\Programs\Microsoft VS Code\bin
USERNAME=vler
OS=Windows_NT
PROCESSOR_IDENTIFIER=Intel64 Family 6 Model 58 Stepping 9, GenuineIntel



---------------  S Y S T E M  ---------------

OS: Windows 10 , 64 bit Build 19041 (10.0.19041.1023)

CPU:total 4 (initial active 4) (2 cores per cpu, 2 threads per core) family 6 model 58 stepping 9, cmov, cx8, fxsr, mmx, sse, sse2, sse3, ssse3, sse4.1, sse4.2, popcnt, avx, aes, clmul, erms, ht, tsc, tscinvbit, tscinv

Memory: 4k page, system-wide physical 8089M (1155M free)
TotalPageFile size 8089M (AvailPageFile size 93M)
current process WorkingSet (physical memory assigned to process): 9M, peak: 9M
current process commit charge ("private bytes"): 51M, peak: 179M

vm_info: OpenJDK 64-Bit Server VM (11+28) for windows-amd64 JRE (11+28), built on Aug 23 2018 03:04:58 by "mach5one" with MS VC++ 15.5 (VS2017)

END.
